<?xml version="1.0" encoding="UTF-8"?>
<testng-results ignored="0" total="1" passed="1" failed="0" skipped="0">
  <reporter-output>
  </reporter-output>
  <suite started-at="2025-07-10T02:07:43 IST" name="Surefire suite" finished-at="2025-07-10T02:07:55 IST" duration-ms="12020">
    <groups>
    </groups>
    <test started-at="2025-07-10T02:07:43 IST" name="Surefire test" finished-at="2025-07-10T02:07:55 IST" duration-ms="12020">
      <class name="ui.PrintSearchResultsLinksTest">
        <test-method is-config="true" signature="setUp()[pri:0, instance:ui.PrintSearchResultsLinksTest@54c562f7]" started-at="2025-07-10T02:07:43 IST" name="setUp" finished-at="2025-07-10T02:07:45 IST" duration-ms="1807" status="PASS">
          <reporter-output>
          </reporter-output>
        </test-method> <!-- setUp -->
        <test-method signature="openWebsiteAndSearchKeyword()[pri:0, instance:ui.PrintSearchResultsLinksTest@54c562f7]" started-at="2025-07-10T02:07:45 IST" name="openWebsiteAndSearchKeyword" finished-at="2025-07-10T02:07:55 IST" duration-ms="10098" status="PASS">
          <reporter-output>
          </reporter-output>
        </test-method> <!-- openWebsiteAndSearchKeyword -->
        <test-method is-config="true" signature="tearDown()[pri:0, instance:ui.PrintSearchResultsLinksTest@54c562f7]" started-at="2025-07-10T02:07:55 IST" name="tearDown" finished-at="2025-07-10T02:07:55 IST" duration-ms="104" status="PASS">
          <reporter-output>
          </reporter-output>
        </test-method> <!-- tearDown -->
      </class> <!-- ui.PrintSearchResultsLinksTest -->
    </test> <!-- Surefire test -->
  </suite> <!-- Surefire suite -->
</testng-results>
